

Started GET "/" for 129.42.208.182 at 2015-03-20 18:34:02 +0000
Processing by Rails::WelcomeController#index as HTML
  Rendered /home/action/.gem/ruby/2.1.1/gems/railties-4.1.0/lib/rails/templates/rails/welcome/index.html.erb (2.1ms)
Completed 200 OK in 29ms (Views: 9.6ms | ActiveRecord: 0.0ms)


Started GET "/greeting" for 8.28.16.254 at 2015-03-20 18:34:18 +0000

ActionController::RoutingError (No route matches [GET] "/greeting"):
  actionpack (4.1.0) lib/action_dispatch/middleware/debug_exceptions.rb:21:in `call'
  actionpack (4.1.0) lib/action_dispatch/middleware/show_exceptions.rb:30:in `call'
  railties (4.1.0) lib/rails/rack/logger.rb:38:in `call_app'
  railties (4.1.0) lib/rails/rack/logger.rb:20:in `block in call'
  activesupport (4.1.0) lib/active_support/tagged_logging.rb:68:in `block in tagged'
  activesupport (4.1.0) lib/active_support/tagged_logging.rb:26:in `tagged'
  activesupport (4.1.0) lib/active_support/tagged_logging.rb:68:in `tagged'
  railties (4.1.0) lib/rails/rack/logger.rb:20:in `call'
  actionpack (4.1.0) lib/action_dispatch/middleware/request_id.rb:21:in `call'
  rack (1.5.2) lib/rack/methodoverride.rb:21:in `call'
  rack (1.5.2) lib/rack/runtime.rb:17:in `call'
  activesupport (4.1.0) lib/active_support/cache/strategy/local_cache_middleware.rb:26:in `call'
  rack (1.5.2) lib/rack/lock.rb:17:in `call'
  actionpack (4.1.0) lib/action_dispatch/middleware/static.rb:64:in `call'
  rack (1.5.2) lib/rack/sendfile.rb:112:in `call'
  railties (4.1.0) lib/rails/engine.rb:514:in `call'
  railties (4.1.0) lib/rails/application.rb:144:in `call'
  rack (1.5.2) lib/rack/lock.rb:17:in `call'
  rack (1.5.2) lib/rack/content_length.rb:14:in `call'
  rack (1.5.2) lib/rack/handler/webrick.rb:60:in `service'
  /home/action/.parts/packages/ruby2.1/2.1.1/lib/ruby/2.1.0/webrick/httpserver.rb:138:in `service'
  /home/action/.parts/packages/ruby2.1/2.1.1/lib/ruby/2.1.0/webrick/httpserver.rb:94:in `run'
  /home/action/.parts/packages/ruby2.1/2.1.1/lib/ruby/2.1.0/webrick/server.rb:295:in `block in start_thread'


  Rendered /home/action/.gem/ruby/2.1.1/gems/actionpack-4.1.0/lib/action_dispatch/middleware/templates/rescues/_trace.html.erb (1.3ms)
  Rendered /home/action/.gem/ruby/2.1.1/gems/actionpack-4.1.0/lib/action_dispatch/middleware/templates/routes/_table.html.erb (7.7ms)
  Rendered /home/action/.gem/ruby/2.1.1/gems/actionpack-4.1.0/lib/action_dispatch/middleware/templates/rescues/routing_error.html.erb within rescues/layout (24.4ms)


Started GET "/greeting" for 129.42.208.182 at 2015-03-20 18:34:19 +0000

ActionController::RoutingError (No route matches [GET] "/greeting"):
  actionpack (4.1.0) lib/action_dispatch/middleware/debug_exceptions.rb:21:in `call'
  actionpack (4.1.0) lib/action_dispatch/middleware/show_exceptions.rb:30:in `call'
  railties (4.1.0) lib/rails/rack/logger.rb:38:in `call_app'
  railties (4.1.0) lib/rails/rack/logger.rb:20:in `block in call'
  activesupport (4.1.0) lib/active_support/tagged_logging.rb:68:in `block in tagged'
  activesupport (4.1.0) lib/active_support/tagged_logging.rb:26:in `tagged'
  activesupport (4.1.0) lib/active_support/tagged_logging.rb:68:in `tagged'
  railties (4.1.0) lib/rails/rack/logger.rb:20:in `call'
  actionpack (4.1.0) lib/action_dispatch/middleware/request_id.rb:21:in `call'
  rack (1.5.2) lib/rack/methodoverride.rb:21:in `call'
  rack (1.5.2) lib/rack/runtime.rb:17:in `call'
  activesupport (4.1.0) lib/active_support/cache/strategy/local_cache_middleware.rb:26:in `call'
  rack (1.5.2) lib/rack/lock.rb:17:in `call'
  actionpack (4.1.0) lib/action_dispatch/middleware/static.rb:64:in `call'
  rack (1.5.2) lib/rack/sendfile.rb:112:in `call'
  railties (4.1.0) lib/rails/engine.rb:514:in `call'
  railties (4.1.0) lib/rails/application.rb:144:in `call'
  rack (1.5.2) lib/rack/lock.rb:17:in `call'
  rack (1.5.2) lib/rack/content_length.rb:14:in `call'
  rack (1.5.2) lib/rack/handler/webrick.rb:60:in `service'
  /home/action/.parts/packages/ruby2.1/2.1.1/lib/ruby/2.1.0/webrick/httpserver.rb:138:in `service'
  /home/action/.parts/packages/ruby2.1/2.1.1/lib/ruby/2.1.0/webrick/httpserver.rb:94:in `run'
  /home/action/.parts/packages/ruby2.1/2.1.1/lib/ruby/2.1.0/webrick/server.rb:295:in `block in start_thread'


  Rendered /home/action/.gem/ruby/2.1.1/gems/actionpack-4.1.0/lib/action_dispatch/middleware/templates/rescues/_trace.html.erb (1.1ms)
  Rendered /home/action/.gem/ruby/2.1.1/gems/actionpack-4.1.0/lib/action_dispatch/middleware/templates/routes/_table.html.erb (1.4ms)
  Rendered /home/action/.gem/ruby/2.1.1/gems/actionpack-4.1.0/lib/action_dispatch/middleware/templates/rescues/routing_error.html.erb within rescues/layout (15.0ms)


Started GET "/greeting" for 129.42.208.182 at 2015-03-20 18:37:06 +0000

ActionController::RoutingError (No route matches [GET] "/greeting"):
  actionpack (4.1.0) lib/action_dispatch/middleware/debug_exceptions.rb:21:in `call'
  actionpack (4.1.0) lib/action_dispatch/middleware/show_exceptions.rb:30:in `call'
  railties (4.1.0) lib/rails/rack/logger.rb:38:in `call_app'
  railties (4.1.0) lib/rails/rack/logger.rb:20:in `block in call'
  activesupport (4.1.0) lib/active_support/tagged_logging.rb:68:in `block in tagged'
  activesupport (4.1.0) lib/active_support/tagged_logging.rb:26:in `tagged'
  activesupport (4.1.0) lib/active_support/tagged_logging.rb:68:in `tagged'
  railties (4.1.0) lib/rails/rack/logger.rb:20:in `call'
  actionpack (4.1.0) lib/action_dispatch/middleware/request_id.rb:21:in `call'
  rack (1.5.2) lib/rack/methodoverride.rb:21:in `call'
  rack (1.5.2) lib/rack/runtime.rb:17:in `call'
  activesupport (4.1.0) lib/active_support/cache/strategy/local_cache_middleware.rb:26:in `call'
  rack (1.5.2) lib/rack/lock.rb:17:in `call'
  actionpack (4.1.0) lib/action_dispatch/middleware/static.rb:64:in `call'
  rack (1.5.2) lib/rack/sendfile.rb:112:in `call'
  railties (4.1.0) lib/rails/engine.rb:514:in `call'
  railties (4.1.0) lib/rails/application.rb:144:in `call'
  rack (1.5.2) lib/rack/lock.rb:17:in `call'
  rack (1.5.2) lib/rack/content_length.rb:14:in `call'
  rack (1.5.2) lib/rack/handler/webrick.rb:60:in `service'
  /home/action/.parts/packages/ruby2.1/2.1.1/lib/ruby/2.1.0/webrick/httpserver.rb:138:in `service'
  /home/action/.parts/packages/ruby2.1/2.1.1/lib/ruby/2.1.0/webrick/httpserver.rb:94:in `run'
  /home/action/.parts/packages/ruby2.1/2.1.1/lib/ruby/2.1.0/webrick/server.rb:295:in `block in start_thread'


  Rendered /home/action/.gem/ruby/2.1.1/gems/actionpack-4.1.0/lib/action_dispatch/middleware/templates/rescues/_trace.html.erb (1.2ms)
  Rendered /home/action/.gem/ruby/2.1.1/gems/actionpack-4.1.0/lib/action_dispatch/middleware/templates/routes/_table.html.erb (1.2ms)
  Rendered /home/action/.gem/ruby/2.1.1/gems/actionpack-4.1.0/lib/action_dispatch/middleware/templates/rescues/routing_error.html.erb within rescues/layout (15.1ms)


Started GET "/Greeting" for 129.42.208.182 at 2015-03-20 18:37:51 +0000

ActionController::RoutingError (No route matches [GET] "/Greeting"):
  actionpack (4.1.0) lib/action_dispatch/middleware/debug_exceptions.rb:21:in `call'
  actionpack (4.1.0) lib/action_dispatch/middleware/show_exceptions.rb:30:in `call'
  railties (4.1.0) lib/rails/rack/logger.rb:38:in `call_app'
  railties (4.1.0) lib/rails/rack/logger.rb:20:in `block in call'
  activesupport (4.1.0) lib/active_support/tagged_logging.rb:68:in `block in tagged'
  activesupport (4.1.0) lib/active_support/tagged_logging.rb:26:in `tagged'
  activesupport (4.1.0) lib/active_support/tagged_logging.rb:68:in `tagged'
  railties (4.1.0) lib/rails/rack/logger.rb:20:in `call'
  actionpack (4.1.0) lib/action_dispatch/middleware/request_id.rb:21:in `call'
  rack (1.5.2) lib/rack/methodoverride.rb:21:in `call'
  rack (1.5.2) lib/rack/runtime.rb:17:in `call'
  activesupport (4.1.0) lib/active_support/cache/strategy/local_cache_middleware.rb:26:in `call'
  rack (1.5.2) lib/rack/lock.rb:17:in `call'
  actionpack (4.1.0) lib/action_dispatch/middleware/static.rb:64:in `call'
  rack (1.5.2) lib/rack/sendfile.rb:112:in `call'
  railties (4.1.0) lib/rails/engine.rb:514:in `call'
  railties (4.1.0) lib/rails/application.rb:144:in `call'
  rack (1.5.2) lib/rack/lock.rb:17:in `call'
  rack (1.5.2) lib/rack/content_length.rb:14:in `call'
  rack (1.5.2) lib/rack/handler/webrick.rb:60:in `service'
  /home/action/.parts/packages/ruby2.1/2.1.1/lib/ruby/2.1.0/webrick/httpserver.rb:138:in `service'
  /home/action/.parts/packages/ruby2.1/2.1.1/lib/ruby/2.1.0/webrick/httpserver.rb:94:in `run'
  /home/action/.parts/packages/ruby2.1/2.1.1/lib/ruby/2.1.0/webrick/server.rb:295:in `block in start_thread'


  Rendered /home/action/.gem/ruby/2.1.1/gems/actionpack-4.1.0/lib/action_dispatch/middleware/templates/rescues/_trace.html.erb (1.4ms)
  Rendered /home/action/.gem/ruby/2.1.1/gems/actionpack-4.1.0/lib/action_dispatch/middleware/templates/routes/_table.html.erb (1.2ms)
  Rendered /home/action/.gem/ruby/2.1.1/gems/actionpack-4.1.0/lib/action_dispatch/middleware/templates/rescues/routing_error.html.erb within rescues/layout (15.4ms)


Started GET "/rails/info/properties" for 8.28.16.254 at 2015-03-20 18:38:23 +0000
Processing by Rails::InfoController#properties as */*
  Rendered /home/action/.gem/ruby/2.1.1/gems/railties-4.1.0/lib/rails/templates/rails/info/properties.html.erb within layouts/application (0.5ms)
Completed 200 OK in 42ms (Views: 14.6ms | ActiveRecord: 1.6ms)


Started GET "/rails/info/properties" for 129.42.208.182 at 2015-03-20 18:38:23 +0000
Processing by Rails::InfoController#properties as */*
  Rendered /home/action/.gem/ruby/2.1.1/gems/railties-4.1.0/lib/rails/templates/rails/info/properties.html.erb (0.1ms)
Completed 200 OK in 11ms (Views: 10.5ms | ActiveRecord: 0.0ms)


Started GET "/rails/info/properties" for 199.91.135.140 at 2015-03-20 18:38:23 +0000
Processing by Rails::InfoController#properties as */*
  Rendered /home/action/.gem/ruby/2.1.1/gems/railties-4.1.0/lib/rails/templates/rails/info/properties.html.erb within layouts/application (0.1ms)
Completed 200 OK in 13ms (Views: 12.0ms | ActiveRecord: 0.0ms)


Started GET "/" for 129.42.208.176 at 2015-03-20 18:39:52 +0000
Processing by Rails::WelcomeController#index as HTML
  Rendered /home/action/.gem/ruby/2.1.1/gems/railties-4.1.0/lib/rails/templates/rails/welcome/index.html.erb (0.1ms)
Completed 200 OK in 2ms (Views: 1.4ms | ActiveRecord: 0.0ms)


Started GET "/greeting" for 129.42.208.176 at 2015-03-20 18:39:59 +0000

ActionController::RoutingError (No route matches [GET] "/greeting"):
  actionpack (4.1.0) lib/action_dispatch/middleware/debug_exceptions.rb:21:in `call'
  actionpack (4.1.0) lib/action_dispatch/middleware/show_exceptions.rb:30:in `call'
  railties (4.1.0) lib/rails/rack/logger.rb:38:in `call_app'
  railties (4.1.0) lib/rails/rack/logger.rb:20:in `block in call'
  activesupport (4.1.0) lib/active_support/tagged_logging.rb:68:in `block in tagged'
  activesupport (4.1.0) lib/active_support/tagged_logging.rb:26:in `tagged'
  activesupport (4.1.0) lib/active_support/tagged_logging.rb:68:in `tagged'
  railties (4.1.0) lib/rails/rack/logger.rb:20:in `call'
  actionpack (4.1.0) lib/action_dispatch/middleware/request_id.rb:21:in `call'
  rack (1.5.2) lib/rack/methodoverride.rb:21:in `call'
  rack (1.5.2) lib/rack/runtime.rb:17:in `call'
  activesupport (4.1.0) lib/active_support/cache/strategy/local_cache_middleware.rb:26:in `call'
  rack (1.5.2) lib/rack/lock.rb:17:in `call'
  actionpack (4.1.0) lib/action_dispatch/middleware/static.rb:64:in `call'
  rack (1.5.2) lib/rack/sendfile.rb:112:in `call'
  railties (4.1.0) lib/rails/engine.rb:514:in `call'
  railties (4.1.0) lib/rails/application.rb:144:in `call'
  rack (1.5.2) lib/rack/lock.rb:17:in `call'
  rack (1.5.2) lib/rack/content_length.rb:14:in `call'
  rack (1.5.2) lib/rack/handler/webrick.rb:60:in `service'
  /home/action/.parts/packages/ruby2.1/2.1.1/lib/ruby/2.1.0/webrick/httpserver.rb:138:in `service'
  /home/action/.parts/packages/ruby2.1/2.1.1/lib/ruby/2.1.0/webrick/httpserver.rb:94:in `run'
  /home/action/.parts/packages/ruby2.1/2.1.1/lib/ruby/2.1.0/webrick/server.rb:295:in `block in start_thread'


  Rendered /home/action/.gem/ruby/2.1.1/gems/actionpack-4.1.0/lib/action_dispatch/middleware/templates/rescues/_trace.html.erb (1.0ms)
  Rendered /home/action/.gem/ruby/2.1.1/gems/actionpack-4.1.0/lib/action_dispatch/middleware/templates/routes/_table.html.erb (1.0ms)
  Rendered /home/action/.gem/ruby/2.1.1/gems/actionpack-4.1.0/lib/action_dispatch/middleware/templates/rescues/routing_error.html.erb within rescues/layout (14.5ms)


Started GET "/" for 129.42.208.182 at 2015-03-20 18:41:03 +0000
Processing by Rails::WelcomeController#index as HTML
  Rendered /home/action/.gem/ruby/2.1.1/gems/railties-4.1.0/lib/rails/templates/rails/welcome/index.html.erb (0.1ms)
Completed 200 OK in 2ms (Views: 1.3ms | ActiveRecord: 0.0ms)


Started GET "/greeting" for 129.42.208.182 at 2015-03-20 18:41:08 +0000

ActionController::RoutingError (No route matches [GET] "/greeting"):
  actionpack (4.1.0) lib/action_dispatch/middleware/debug_exceptions.rb:21:in `call'
  actionpack (4.1.0) lib/action_dispatch/middleware/show_exceptions.rb:30:in `call'
  railties (4.1.0) lib/rails/rack/logger.rb:38:in `call_app'
  railties (4.1.0) lib/rails/rack/logger.rb:20:in `block in call'
  activesupport (4.1.0) lib/active_support/tagged_logging.rb:68:in `block in tagged'
  activesupport (4.1.0) lib/active_support/tagged_logging.rb:26:in `tagged'
  activesupport (4.1.0) lib/active_support/tagged_logging.rb:68:in `tagged'
  railties (4.1.0) lib/rails/rack/logger.rb:20:in `call'
  actionpack (4.1.0) lib/action_dispatch/middleware/request_id.rb:21:in `call'
  rack (1.5.2) lib/rack/methodoverride.rb:21:in `call'
  rack (1.5.2) lib/rack/runtime.rb:17:in `call'
  activesupport (4.1.0) lib/active_support/cache/strategy/local_cache_middleware.rb:26:in `call'
  rack (1.5.2) lib/rack/lock.rb:17:in `call'
  actionpack (4.1.0) lib/action_dispatch/middleware/static.rb:64:in `call'
  rack (1.5.2) lib/rack/sendfile.rb:112:in `call'
  railties (4.1.0) lib/rails/engine.rb:514:in `call'
  railties (4.1.0) lib/rails/application.rb:144:in `call'
  rack (1.5.2) lib/rack/lock.rb:17:in `call'
  rack (1.5.2) lib/rack/content_length.rb:14:in `call'
  rack (1.5.2) lib/rack/handler/webrick.rb:60:in `service'
  /home/action/.parts/packages/ruby2.1/2.1.1/lib/ruby/2.1.0/webrick/httpserver.rb:138:in `service'
  /home/action/.parts/packages/ruby2.1/2.1.1/lib/ruby/2.1.0/webrick/httpserver.rb:94:in `run'
  /home/action/.parts/packages/ruby2.1/2.1.1/lib/ruby/2.1.0/webrick/server.rb:295:in `block in start_thread'


  Rendered /home/action/.gem/ruby/2.1.1/gems/actionpack-4.1.0/lib/action_dispatch/middleware/templates/rescues/_trace.html.erb (1.1ms)
  Rendered /home/action/.gem/ruby/2.1.1/gems/actionpack-4.1.0/lib/action_dispatch/middleware/templates/routes/_table.html.erb (1.0ms)
  Rendered /home/action/.gem/ruby/2.1.1/gems/actionpack-4.1.0/lib/action_dispatch/middleware/templates/rescues/routing_error.html.erb within rescues/layout (14.4ms)


Started GET "/greeting/" for 129.42.208.182 at 2015-03-20 18:41:33 +0000

ActionController::RoutingError (No route matches [GET] "/greeting"):
  actionpack (4.1.0) lib/action_dispatch/middleware/debug_exceptions.rb:21:in `call'
  actionpack (4.1.0) lib/action_dispatch/middleware/show_exceptions.rb:30:in `call'
  railties (4.1.0) lib/rails/rack/logger.rb:38:in `call_app'
  railties (4.1.0) lib/rails/rack/logger.rb:20:in `block in call'
  activesupport (4.1.0) lib/active_support/tagged_logging.rb:68:in `block in tagged'
  activesupport (4.1.0) lib/active_support/tagged_logging.rb:26:in `tagged'
  activesupport (4.1.0) lib/active_support/tagged_logging.rb:68:in `tagged'
  railties (4.1.0) lib/rails/rack/logger.rb:20:in `call'
  actionpack (4.1.0) lib/action_dispatch/middleware/request_id.rb:21:in `call'
  rack (1.5.2) lib/rack/methodoverride.rb:21:in `call'
  rack (1.5.2) lib/rack/runtime.rb:17:in `call'
  activesupport (4.1.0) lib/active_support/cache/strategy/local_cache_middleware.rb:26:in `call'
  rack (1.5.2) lib/rack/lock.rb:17:in `call'
  actionpack (4.1.0) lib/action_dispatch/middleware/static.rb:64:in `call'
  rack (1.5.2) lib/rack/sendfile.rb:112:in `call'
  railties (4.1.0) lib/rails/engine.rb:514:in `call'
  railties (4.1.0) lib/rails/application.rb:144:in `call'
  rack (1.5.2) lib/rack/lock.rb:17:in `call'
  rack (1.5.2) lib/rack/content_length.rb:14:in `call'
  rack (1.5.2) lib/rack/handler/webrick.rb:60:in `service'
  /home/action/.parts/packages/ruby2.1/2.1.1/lib/ruby/2.1.0/webrick/httpserver.rb:138:in `service'
  /home/action/.parts/packages/ruby2.1/2.1.1/lib/ruby/2.1.0/webrick/httpserver.rb:94:in `run'
  /home/action/.parts/packages/ruby2.1/2.1.1/lib/ruby/2.1.0/webrick/server.rb:295:in `block in start_thread'


  Rendered /home/action/.gem/ruby/2.1.1/gems/actionpack-4.1.0/lib/action_dispatch/middleware/templates/rescues/_trace.html.erb (1.1ms)
  Rendered /home/action/.gem/ruby/2.1.1/gems/actionpack-4.1.0/lib/action_dispatch/middleware/templates/routes/_table.html.erb (1.3ms)
  Rendered /home/action/.gem/ruby/2.1.1/gems/actionpack-4.1.0/lib/action_dispatch/middleware/templates/rescues/routing_error.html.erb within rescues/layout (15.0ms)


Started GET "/greeting" for 129.42.208.182 at 2015-03-20 18:42:54 +0000

ActionController::RoutingError (No route matches [GET] "/greeting"):
  actionpack (4.1.0) lib/action_dispatch/middleware/debug_exceptions.rb:21:in `call'
  actionpack (4.1.0) lib/action_dispatch/middleware/show_exceptions.rb:30:in `call'
  railties (4.1.0) lib/rails/rack/logger.rb:38:in `call_app'
  railties (4.1.0) lib/rails/rack/logger.rb:20:in `block in call'
  activesupport (4.1.0) lib/active_support/tagged_logging.rb:68:in `block in tagged'
  activesupport (4.1.0) lib/active_support/tagged_logging.rb:26:in `tagged'
  activesupport (4.1.0) lib/active_support/tagged_logging.rb:68:in `tagged'
  railties (4.1.0) lib/rails/rack/logger.rb:20:in `call'
  actionpack (4.1.0) lib/action_dispatch/middleware/request_id.rb:21:in `call'
  rack (1.5.2) lib/rack/methodoverride.rb:21:in `call'
  rack (1.5.2) lib/rack/runtime.rb:17:in `call'
  activesupport (4.1.0) lib/active_support/cache/strategy/local_cache_middleware.rb:26:in `call'
  rack (1.5.2) lib/rack/lock.rb:17:in `call'
  actionpack (4.1.0) lib/action_dispatch/middleware/static.rb:64:in `call'
  rack (1.5.2) lib/rack/sendfile.rb:112:in `call'
  railties (4.1.0) lib/rails/engine.rb:514:in `call'
  railties (4.1.0) lib/rails/application.rb:144:in `call'
  rack (1.5.2) lib/rack/lock.rb:17:in `call'
  rack (1.5.2) lib/rack/content_length.rb:14:in `call'
  rack (1.5.2) lib/rack/handler/webrick.rb:60:in `service'
  /home/action/.parts/packages/ruby2.1/2.1.1/lib/ruby/2.1.0/webrick/httpserver.rb:138:in `service'
  /home/action/.parts/packages/ruby2.1/2.1.1/lib/ruby/2.1.0/webrick/httpserver.rb:94:in `run'
  /home/action/.parts/packages/ruby2.1/2.1.1/lib/ruby/2.1.0/webrick/server.rb:295:in `block in start_thread'


  Rendered /home/action/.gem/ruby/2.1.1/gems/actionpack-4.1.0/lib/action_dispatch/middleware/templates/rescues/_trace.html.erb (1.1ms)
  Rendered /home/action/.gem/ruby/2.1.1/gems/actionpack-4.1.0/lib/action_dispatch/middleware/templates/routes/_table.html.erb (7.9ms)
  Rendered /home/action/.gem/ruby/2.1.1/gems/actionpack-4.1.0/lib/action_dispatch/middleware/templates/rescues/routing_error.html.erb within rescues/layout (25.1ms)


Started GET "/" for 129.42.208.182 at 2015-03-20 18:42:58 +0000
Processing by Rails::WelcomeController#index as HTML
  Rendered /home/action/.gem/ruby/2.1.1/gems/railties-4.1.0/lib/rails/templates/rails/welcome/index.html.erb (1.0ms)
Completed 200 OK in 22ms (Views: 2.5ms | ActiveRecord: 0.0ms)


Started GET "/greeting" for 129.42.208.182 at 2015-03-20 18:43:03 +0000

ActionController::RoutingError (No route matches [GET] "/greeting"):
  actionpack (4.1.0) lib/action_dispatch/middleware/debug_exceptions.rb:21:in `call'
  actionpack (4.1.0) lib/action_dispatch/middleware/show_exceptions.rb:30:in `call'
  railties (4.1.0) lib/rails/rack/logger.rb:38:in `call_app'
  railties (4.1.0) lib/rails/rack/logger.rb:20:in `block in call'
  activesupport (4.1.0) lib/active_support/tagged_logging.rb:68:in `block in tagged'
  activesupport (4.1.0) lib/active_support/tagged_logging.rb:26:in `tagged'
  activesupport (4.1.0) lib/active_support/tagged_logging.rb:68:in `tagged'
  railties (4.1.0) lib/rails/rack/logger.rb:20:in `call'
  actionpack (4.1.0) lib/action_dispatch/middleware/request_id.rb:21:in `call'
  rack (1.5.2) lib/rack/methodoverride.rb:21:in `call'
  rack (1.5.2) lib/rack/runtime.rb:17:in `call'
  activesupport (4.1.0) lib/active_support/cache/strategy/local_cache_middleware.rb:26:in `call'
  rack (1.5.2) lib/rack/lock.rb:17:in `call'
  actionpack (4.1.0) lib/action_dispatch/middleware/static.rb:64:in `call'
  rack (1.5.2) lib/rack/sendfile.rb:112:in `call'
  railties (4.1.0) lib/rails/engine.rb:514:in `call'
  railties (4.1.0) lib/rails/application.rb:144:in `call'
  rack (1.5.2) lib/rack/lock.rb:17:in `call'
  rack (1.5.2) lib/rack/content_length.rb:14:in `call'
  rack (1.5.2) lib/rack/handler/webrick.rb:60:in `service'
  /home/action/.parts/packages/ruby2.1/2.1.1/lib/ruby/2.1.0/webrick/httpserver.rb:138:in `service'
  /home/action/.parts/packages/ruby2.1/2.1.1/lib/ruby/2.1.0/webrick/httpserver.rb:94:in `run'
  /home/action/.parts/packages/ruby2.1/2.1.1/lib/ruby/2.1.0/webrick/server.rb:295:in `block in start_thread'


  Rendered /home/action/.gem/ruby/2.1.1/gems/actionpack-4.1.0/lib/action_dispatch/middleware/templates/rescues/_trace.html.erb (1.2ms)
  Rendered /home/action/.gem/ruby/2.1.1/gems/actionpack-4.1.0/lib/action_dispatch/middleware/templates/routes/_table.html.erb (1.1ms)
  Rendered /home/action/.gem/ruby/2.1.1/gems/actionpack-4.1.0/lib/action_dispatch/middleware/templates/rescues/routing_error.html.erb within rescues/layout (14.7ms)


Started GET "/welcome" for 8.28.16.254 at 2015-03-20 18:44:05 +0000

ActionController::RoutingError (No route matches [GET] "/welcome"):
  actionpack (4.1.0) lib/action_dispatch/middleware/debug_exceptions.rb:21:in `call'
  actionpack (4.1.0) lib/action_dispatch/middleware/show_exceptions.rb:30:in `call'
  railties (4.1.0) lib/rails/rack/logger.rb:38:in `call_app'
  railties (4.1.0) lib/rails/rack/logger.rb:20:in `block in call'
  activesupport (4.1.0) lib/active_support/tagged_logging.rb:68:in `block in tagged'
  activesupport (4.1.0) lib/active_support/tagged_logging.rb:26:in `tagged'
  activesupport (4.1.0) lib/active_support/tagged_logging.rb:68:in `tagged'
  railties (4.1.0) lib/rails/rack/logger.rb:20:in `call'
  actionpack (4.1.0) lib/action_dispatch/middleware/request_id.rb:21:in `call'
  rack (1.5.2) lib/rack/methodoverride.rb:21:in `call'
  rack (1.5.2) lib/rack/runtime.rb:17:in `call'
  activesupport (4.1.0) lib/active_support/cache/strategy/local_cache_middleware.rb:26:in `call'
  rack (1.5.2) lib/rack/lock.rb:17:in `call'
  actionpack (4.1.0) lib/action_dispatch/middleware/static.rb:64:in `call'
  rack (1.5.2) lib/rack/sendfile.rb:112:in `call'
  railties (4.1.0) lib/rails/engine.rb:514:in `call'
  railties (4.1.0) lib/rails/application.rb:144:in `call'
  rack (1.5.2) lib/rack/lock.rb:17:in `call'
  rack (1.5.2) lib/rack/content_length.rb:14:in `call'
  rack (1.5.2) lib/rack/handler/webrick.rb:60:in `service'
  /home/action/.parts/packages/ruby2.1/2.1.1/lib/ruby/2.1.0/webrick/httpserver.rb:138:in `service'
  /home/action/.parts/packages/ruby2.1/2.1.1/lib/ruby/2.1.0/webrick/httpserver.rb:94:in `run'
  /home/action/.parts/packages/ruby2.1/2.1.1/lib/ruby/2.1.0/webrick/server.rb:295:in `block in start_thread'


  Rendered /home/action/.gem/ruby/2.1.1/gems/actionpack-4.1.0/lib/action_dispatch/middleware/templates/rescues/_trace.html.erb (1.2ms)
  Rendered /home/action/.gem/ruby/2.1.1/gems/actionpack-4.1.0/lib/action_dispatch/middleware/templates/routes/_table.html.erb (1.3ms)
  Rendered /home/action/.gem/ruby/2.1.1/gems/actionpack-4.1.0/lib/action_dispatch/middleware/templates/rescues/routing_error.html.erb within rescues/layout (15.2ms)


Started GET "/welcome" for 129.42.208.182 at 2015-03-20 18:44:05 +0000

ActionController::RoutingError (No route matches [GET] "/welcome"):
  actionpack (4.1.0) lib/action_dispatch/middleware/debug_exceptions.rb:21:in `call'
  actionpack (4.1.0) lib/action_dispatch/middleware/show_exceptions.rb:30:in `call'
  railties (4.1.0) lib/rails/rack/logger.rb:38:in `call_app'
  railties (4.1.0) lib/rails/rack/logger.rb:20:in `block in call'
  activesupport (4.1.0) lib/active_support/tagged_logging.rb:68:in `block in tagged'
  activesupport (4.1.0) lib/active_support/tagged_logging.rb:26:in `tagged'
  activesupport (4.1.0) lib/active_support/tagged_logging.rb:68:in `tagged'
  railties (4.1.0) lib/rails/rack/logger.rb:20:in `call'
  actionpack (4.1.0) lib/action_dispatch/middleware/request_id.rb:21:in `call'
  rack (1.5.2) lib/rack/methodoverride.rb:21:in `call'
  rack (1.5.2) lib/rack/runtime.rb:17:in `call'
  activesupport (4.1.0) lib/active_support/cache/strategy/local_cache_middleware.rb:26:in `call'
  rack (1.5.2) lib/rack/lock.rb:17:in `call'
  actionpack (4.1.0) lib/action_dispatch/middleware/static.rb:64:in `call'
  rack (1.5.2) lib/rack/sendfile.rb:112:in `call'
  railties (4.1.0) lib/rails/engine.rb:514:in `call'
  railties (4.1.0) lib/rails/application.rb:144:in `call'
  rack (1.5.2) lib/rack/lock.rb:17:in `call'
  rack (1.5.2) lib/rack/content_length.rb:14:in `call'
  rack (1.5.2) lib/rack/handler/webrick.rb:60:in `service'
  /home/action/.parts/packages/ruby2.1/2.1.1/lib/ruby/2.1.0/webrick/httpserver.rb:138:in `service'
  /home/action/.parts/packages/ruby2.1/2.1.1/lib/ruby/2.1.0/webrick/httpserver.rb:94:in `run'
  /home/action/.parts/packages/ruby2.1/2.1.1/lib/ruby/2.1.0/webrick/server.rb:295:in `block in start_thread'


  Rendered /home/action/.gem/ruby/2.1.1/gems/actionpack-4.1.0/lib/action_dispatch/middleware/templates/rescues/_trace.html.erb (1.2ms)
  Rendered /home/action/.gem/ruby/2.1.1/gems/actionpack-4.1.0/lib/action_dispatch/middleware/templates/routes/_table.html.erb (1.1ms)
  Rendered /home/action/.gem/ruby/2.1.1/gems/actionpack-4.1.0/lib/action_dispatch/middleware/templates/rescues/routing_error.html.erb within rescues/layout (14.7ms)


Started GET "/" for 129.42.208.182 at 2015-03-20 19:12:25 +0000
Processing by Rails::WelcomeController#index as HTML
  Rendered /home/action/.gem/ruby/2.1.1/gems/railties-4.1.0/lib/rails/templates/rails/welcome/index.html.erb (2.0ms)
Completed 200 OK in 30ms (Views: 8.9ms | ActiveRecord: 0.0ms)


Started GET "/greeting" for 129.42.208.182 at 2015-03-20 19:12:29 +0000
Processing by GreetingController#index as HTML
  Rendered text template (0.0ms)
Completed 200 OK in 15ms (Views: 14.8ms | ActiveRecord: 0.0ms)


Started GET "/greeting" for 129.42.208.182 at 2015-03-20 19:15:57 +0000
Processing by GreetingController#index as HTML
  Rendered greeting/index.html.erb within layouts/application (0.4ms)
Completed 200 OK in 1226ms (Views: 1225.1ms | ActiveRecord: 0.0ms)


Started GET "/assets/greeting.js?body=1" for 129.42.208.182 at 2015-03-20 19:15:58 +0000


Started GET "/assets/greeting.css?body=1" for 129.42.208.182 at 2015-03-20 19:15:58 +0000


Started GET "/assets/greeting.css?body=1" for 129.42.208.182 at 2015-03-20 19:15:58 +0000


Started GET "/assets/application.css?body=1" for 129.42.208.182 at 2015-03-20 19:15:59 +0000


Started GET "/assets/jquery.js?body=1" for 129.42.208.182 at 2015-03-20 19:15:59 +0000


Started GET "/assets/jquery_ujs.js?body=1" for 129.42.208.182 at 2015-03-20 19:15:59 +0000


Started GET "/assets/turbolinks.js?body=1" for 129.42.208.182 at 2015-03-20 19:15:59 +0000


Started GET "/assets/application.js?body=1" for 129.42.208.182 at 2015-03-20 19:15:59 +0000


Started GET "/assets/greeting.js?body=1" for 129.42.208.182 at 2015-03-20 19:15:59 +0000


Started GET "/greeting" for 129.42.208.182 at 2015-03-20 19:17:18 +0000
Processing by GreetingController#index as HTML
  Rendered greeting/index.html.erb within layouts/application (0.6ms)
Completed 200 OK in 49ms (Views: 47.8ms | ActiveRecord: 0.0ms)


Started GET "/assets/jquery.js?body=1" for 129.42.208.182 at 2015-03-20 19:17:18 +0000


Started GET "/assets/jquery_ujs.js?body=1" for 129.42.208.182 at 2015-03-20 19:17:18 +0000


Started GET "/assets/greeting.css?body=1" for 129.42.208.182 at 2015-03-20 19:17:18 +0000


Started GET "/assets/application.css?body=1" for 129.42.208.182 at 2015-03-20 19:17:18 +0000


Started GET "/assets/turbolinks.js?body=1" for 129.42.208.182 at 2015-03-20 19:17:18 +0000


Started GET "/assets/greeting.js?body=1" for 129.42.208.182 at 2015-03-20 19:17:18 +0000


Started GET "/assets/application.js?body=1" for 129.42.208.182 at 2015-03-20 19:17:18 +0000


Started GET "/" for 129.42.208.184 at 2015-03-24 14:38:03 +0000
Processing by Rails::WelcomeController#index as HTML
  Rendered /home/action/.gem/ruby/2.1.1/gems/railties-4.1.0/lib/rails/templates/rails/welcome/index.html.erb (2.9ms)
Completed 200 OK in 61ms (Views: 41.3ms | ActiveRecord: 0.0ms)


Started GET "/" for 8.28.16.254 at 2015-03-25 20:29:13 +0000
Processing by Rails::WelcomeController#index as */*
  Rendered /home/action/.gem/ruby/2.1.1/gems/railties-4.1.0/lib/rails/templates/rails/welcome/index.html.erb (3.8ms)
Completed 200 OK in 62ms (Views: 42.9ms | ActiveRecord: 0.0ms)


Started GET "/" for 129.42.208.184 at 2015-03-25 20:29:14 +0000
Processing by Rails::WelcomeController#index as HTML
  Rendered /home/action/.gem/ruby/2.1.1/gems/railties-4.1.0/lib/rails/templates/rails/welcome/index.html.erb (0.9ms)
Completed 200 OK in 3ms (Views: 2.0ms | ActiveRecord: 0.0ms)


Started GET "/" for 129.42.208.184 at 2015-03-25 20:29:42 +0000
Processing by Rails::WelcomeController#index as HTML
  Rendered /home/action/.gem/ruby/2.1.1/gems/railties-4.1.0/lib/rails/templates/rails/welcome/index.html.erb (0.1ms)
Completed 200 OK in 2ms (Views: 1.2ms | ActiveRecord: 0.0ms)
